TN:
SF:app\estadisticas\page.tsx
FN:8,StatsPage
FNF:1
FNH:1
FNDA:1,StatsPage
DA:9,1
LF:1
LH:1
BRF:0
BRH:0
end_of_record
TN:
SF:app\habitos\page.tsx
FN:10,HabitsPage
FNF:1
FNH:1
FNDA:1,HabitsPage
DA:11,1
LF:1
LH:1
BRF:0
BRH:0
end_of_record
TN:
SF:app\tareas\page.tsx
FN:10,TasksPage
FNF:1
FNH:1
FNDA:3,TasksPage
DA:11,3
LF:1
LH:1
BRF:0
BRH:0
end_of_record
TN:
SF:components\add-habit-dialog.tsx
FN:28,AddHabitDialog
FN:44,(anonymous_1)
FN:45,(anonymous_2)
FN:48,(anonymous_3)
FN:116,(anonymous_4)
FN:122,(anonymous_5)
FN:128,(anonymous_6)
FN:157,(anonymous_7)
FN:159,(anonymous_8)
FN:180,(anonymous_9)
FN:184,(anonymous_10)
FNF:11
FNH:2
FNDA:1,AddHabitDialog
FNDA:0,(anonymous_1)
FNDA:0,(anonymous_2)
FNDA:0,(anonymous_3)
FNDA:0,(anonymous_4)
FNDA:0,(anonymous_5)
FNDA:3,(anonymous_6)
FNDA:0,(anonymous_7)
FNDA:0,(anonymous_8)
FNDA:0,(anonymous_9)
FNDA:0,(anonymous_10)
DA:29,1
DA:30,1
DA:31,1
DA:32,1
DA:34,1
DA:36,1
DA:44,1
DA:45,0
DA:48,1
DA:49,0
DA:51,0
DA:52,0
DA:57,0
DA:60,0
DA:61,0
DA:66,0
DA:69,0
DA:77,0
DA:83,0
DA:91,0
DA:94,1
DA:116,0
DA:122,0
DA:129,3
DA:157,0
DA:159,0
DA:180,0
DA:184,0
LF:28
LH:10
BRDA:51,0,0,0
BRDA:51,0,1,0
BRDA:60,1,0,0
BRDA:60,1,1,0
BRDA:74,2,0,0
BRDA:74,2,1,0
BRDA:97,3,0,1
BRDA:97,3,1,1
BRDA:127,4,0,1
BRDA:127,4,1,0
BRDA:143,5,0,1
BRDA:143,5,1,0
BRDA:157,6,0,0
BRDA:157,6,1,0
BRF:14
BRH:4
end_of_record
TN:
SF:components\category-distribution.tsx
FN:7,CategoryDistribution
FNF:1
FNH:1
FNDA:1,CategoryDistribution
DA:8,1
LF:1
LH:1
BRDA:10,0,0,1
BRDA:10,0,1,0
BRF:2
BRH:1
end_of_record
TN:
SF:components\habit-list.tsx
FN:15,HabitList
FN:19,(anonymous_1)
FN:25,(anonymous_2)
FN:36,(anonymous_3)
FN:40,(anonymous_4)
FN:73,(anonymous_5)
FN:91,(anonymous_6)
FN:100,(anonymous_7)
FNF:8
FNH:4
FNDA:1,HabitList
FNDA:5,(anonymous_1)
FNDA:5,(anonymous_2)
FNDA:5,(anonymous_3)
FNDA:0,(anonymous_4)
FNDA:0,(anonymous_5)
FNDA:0,(anonymous_6)
FNDA:0,(anonymous_7)
DA:16,1
DA:17,1
DA:19,1
DA:20,5
DA:21,5
DA:22,5
DA:25,1
DA:26,5
DA:27,5
DA:30,1
DA:37,5
DA:40,0
DA:73,0
DA:91,0
DA:100,0
LF:15
LH:11
BRDA:15,0,0,1
BRDA:20,1,0,0
BRDA:20,1,1,5
BRDA:21,2,0,0
BRDA:21,2,1,5
BRDA:27,3,0,5
BRDA:27,3,1,0
BRDA:32,4,0,0
BRDA:32,4,1,1
BRDA:37,5,0,5
BRDA:37,5,1,2
BRDA:41,6,0,2
BRDA:41,6,1,3
BRDA:48,7,0,5
BRDA:48,7,1,2
BRDA:83,8,0,5
BRDA:83,8,1,2
BRF:17
BRH:13
end_of_record
TN:
SF:components\habit-streak-chart.tsx
FN:3,HabitStreakChart
FNF:1
FNH:0
FNDA:0,HabitStreakChart
DA:4,0
LF:1
LH:0
BRF:0
BRH:0
end_of_record
TN:
SF:components\stats-overview.tsx
FN:4,StatsOverview
FNF:1
FNH:1
FNDA:1,StatsOverview
DA:5,1
LF:1
LH:1
BRF:0
BRH:0
end_of_record
TN:
SF:components\task-completion-chart.tsx
FN:3,TaskCompletionChart
FNF:1
FNH:1
FNDA:1,TaskCompletionChart
DA:4,1
LF:1
LH:1
BRF:0
BRH:0
end_of_record
TN:
SF:components\ui\button.tsx
FN:43,(anonymous_0)
FNF:1
FNH:1
FNDA:24,(anonymous_0)
DA:7,2
DA:42,2
DA:44,24
DA:45,24
DA:54,2
LF:5
LH:5
BRDA:43,0,0,24
BRDA:44,1,0,0
BRDA:44,1,1,24
BRF:3
BRH:2
end_of_record
TN:
SF:components\ui\card.tsx
FN:8,(anonymous_0)
FN:23,(anonymous_1)
FN:35,(anonymous_2)
FN:50,(anonymous_3)
FN:62,(anonymous_4)
FN:70,(anonymous_5)
FNF:6
FNH:5
FNDA:10,(anonymous_0)
FNDA:10,(anonymous_1)
FNDA:10,(anonymous_2)
FNDA:6,(anonymous_3)
FNDA:10,(anonymous_4)
FNDA:0,(anonymous_5)
DA:5,3
DA:9,10
DA:18,3
DA:20,3
DA:24,10
DA:30,3
DA:32,3
DA:36,10
DA:45,3
DA:47,3
DA:51,6
DA:57,3
DA:59,3
DA:63,10
DA:65,3
DA:67,3
DA:71,0
DA:77,3
LF:18
LH:17
BRF:0
BRH:0
end_of_record
TN:
SF:components\ui\dialog.tsx
FN:20,(anonymous_0)
FN:35,(anonymous_1)
FN:56,(anonymous_2)
FN:70,(anonymous_3)
FN:87,(anonymous_4)
FN:102,(anonymous_5)
FNF:6
FNH:1
FNDA:0,(anonymous_0)
FNDA:1,(anonymous_1)
FNDA:0,(anonymous_2)
FNDA:0,(anonymous_3)
FNDA:0,(anonymous_4)
FNDA:0,(anonymous_5)
DA:9,1
DA:11,1
DA:13,1
DA:15,1
DA:17,1
DA:21,0
DA:30,1
DA:32,1
DA:36,1
DA:54,1
DA:56,1
DA:60,0
DA:68,1
DA:70,1
DA:74,0
DA:82,1
DA:84,1
DA:88,0
DA:97,1
DA:99,1
DA:103,0
DA:109,1
LF:22
LH:17
BRF:0
BRH:0
end_of_record
TN:
SF:components\ui\dropdown-menu.tsx
FN:26,(anonymous_0)
FN:46,(anonymous_1)
FN:62,(anonymous_2)
FN:82,(anonymous_3)
FN:98,(anonymous_4)
FN:122,(anonymous_5)
FN:146,(anonymous_6)
FN:162,(anonymous_7)
FN:171,(anonymous_8)
FNF:9
FNH:1
FNDA:0,(anonymous_0)
FNDA:0,(anonymous_1)
FNDA:5,(anonymous_2)
FNDA:0,(anonymous_3)
FNDA:0,(anonymous_4)
FNDA:0,(anonymous_5)
FNDA:0,(anonymous_6)
FNDA:0,(anonymous_7)
FNDA:0,(anonymous_8)
DA:9,1
DA:11,1
DA:13,1
DA:15,1
DA:17,1
DA:19,1
DA:21,1
DA:27,0
DA:40,1
DA:43,1
DA:47,0
DA:56,1
DA:59,1
DA:63,5
DA:75,1
DA:77,1
DA:83,0
DA:93,1
DA:95,1
DA:99,0
DA:116,1
DA:119,1
DA:123,0
DA:139,1
DA:141,1
DA:147,0
DA:157,1
DA:159,1
DA:163,0
DA:169,1
DA:171,1
DA:175,0
DA:182,1
LF:33
LH:25
BRDA:31,0,0,0
BRDA:31,0,1,0
BRDA:62,1,0,5
BRDA:87,2,0,0
BRDA:87,2,1,0
BRDA:151,3,0,0
BRDA:151,3,1,0
BRF:7
BRH:1
end_of_record
TN:
SF:components\ui\input.tsx
FN:6,(anonymous_0)
FNF:1
FNH:1
FNDA:4,(anonymous_0)
DA:5,2
DA:7,4
DA:20,2
LF:3
LH:3
BRF:0
BRH:0
end_of_record
TN:
SF:components\ui\label.tsx
FN:17,(anonymous_0)
FNF:1
FNH:0
FNDA:0,(anonymous_0)
DA:9,1
DA:13,1
DA:18,0
DA:24,1
LF:4
LH:3
BRF:0
BRH:0
end_of_record
TN:
SF:components\ui\progress.tsx
FN:11,(anonymous_0)
FNF:1
FNH:1
FNDA:2,(anonymous_0)
DA:8,1
DA:12,2
DA:26,1
LF:3
LH:3
BRDA:22,0,0,2
BRDA:22,0,1,0
BRF:2
BRH:1
end_of_record
TN:
SF:components\ui\select.tsx
FN:18,(anonymous_0)
FN:38,(anonymous_1)
FN:55,(anonymous_2)
FN:73,(anonymous_3)
FN:105,(anonymous_4)
FN:117,(anonymous_5)
FN:140,(anonymous_6)
FNF:7
FNH:0
FNDA:0,(anonymous_0)
FNDA:0,(anonymous_1)
FNDA:0,(anonymous_2)
FNDA:0,(anonymous_3)
FNDA:0,(anonymous_4)
FNDA:0,(anonymous_5)
FNDA:0,(anonymous_6)
DA:9,1
DA:11,1
DA:13,1
DA:15,1
DA:19,0
DA:33,1
DA:35,1
DA:39,0
DA:50,1
DA:52,1
DA:56,0
DA:67,1
DA:70,1
DA:74,0
DA:100,1
DA:102,1
DA:106,0
DA:112,1
DA:114,1
DA:118,0
DA:135,1
DA:137,1
DA:141,0
DA:147,1
LF:24
LH:17
BRDA:73,0,0,0
BRDA:79,1,0,0
BRDA:79,1,1,0
BRDA:90,2,0,0
BRDA:90,2,1,0
BRF:5
BRH:0
end_of_record
TN:
SF:components\ui\tabs.tsx
FN:13,(anonymous_0)
FN:28,(anonymous_1)
FN:43,(anonymous_2)
FNF:3
FNH:3
FNDA:5,(anonymous_0)
FNDA:17,(anonymous_1)
FNDA:17,(anonymous_2)
DA:8,3
DA:10,3
DA:14,5
DA:23,3
DA:25,3
DA:29,17
DA:38,3
DA:40,3
DA:44,17
DA:53,3
LF:10
LH:10
BRF:0
BRH:0
end_of_record
TN:
SF:contexts\category-context.tsx
FN:35,CategoryProvider
FN:39,(anonymous_1)
FN:51,(anonymous_2)
FN:55,(anonymous_3)
FN:62,(anonymous_4)
FN:65,(anonymous_5)
FN:66,(anonymous_6)
FN:67,(anonymous_7)
FN:71,(anonymous_8)
FN:72,(anonymous_9)
FN:72,(anonymous_10)
FN:75,(anonymous_11)
FN:76,(anonymous_12)
FN:79,(anonymous_13)
FN:80,(anonymous_14)
FN:99,useCategories
FNF:16
FNH:8
FNDA:1,CategoryProvider
FNDA:1,(anonymous_1)
FNDA:1,(anonymous_2)
FNDA:0,(anonymous_3)
FNDA:0,(anonymous_4)
FNDA:0,(anonymous_5)
FNDA:0,(anonymous_6)
FNDA:0,(anonymous_7)
FNDA:0,(anonymous_8)
FNDA:0,(anonymous_9)
FNDA:0,(anonymous_10)
FNDA:5,(anonymous_11)
FNDA:20,(anonymous_12)
FNDA:1,(anonymous_13)
FNDA:6,(anonymous_14)
FNDA:2,useCategories
DA:23,1
DA:26,1
DA:36,1
DA:39,1
DA:40,1
DA:41,1
DA:42,0
DA:43,0
DA:45,0
DA:51,1
DA:52,1
DA:55,1
DA:56,0
DA:62,0
DA:65,1
DA:66,0
DA:67,0
DA:71,1
DA:72,0
DA:75,1
DA:76,20
DA:79,1
DA:80,6
DA:83,1
DA:100,2
DA:101,2
DA:102,0
DA:104,2
LF:28
LH:19
BRDA:41,0,0,0
BRDA:41,0,1,1
BRDA:67,1,0,0
BRDA:67,1,1,0
BRDA:101,2,0,0
BRDA:101,2,1,2
BRF:6
BRH:2
end_of_record
TN:
SF:contexts\habit-context.tsx
FN:82,HabitProvider
FN:86,(anonymous_1)
FN:98,(anonymous_2)
FN:102,(anonymous_3)
FN:110,(anonymous_4)
FN:113,(anonymous_5)
FN:114,(anonymous_6)
FN:114,(anonymous_7)
FN:117,(anonymous_8)
FN:118,(anonymous_9)
FN:118,(anonymous_10)
FN:121,(anonymous_11)
FN:123,(anonymous_12)
FN:135,(anonymous_13)
FN:137,(anonymous_14)
FN:168,useHabits
FNF:16
FNH:4
FNDA:1,HabitProvider
FNDA:1,(anonymous_1)
FNDA:1,(anonymous_2)
FNDA:0,(anonymous_3)
FNDA:0,(anonymous_4)
FNDA:0,(anonymous_5)
FNDA:0,(anonymous_6)
FNDA:0,(anonymous_7)
FNDA:0,(anonymous_8)
FNDA:0,(anonymous_9)
FNDA:0,(anonymous_10)
FNDA:0,(anonymous_11)
FNDA:0,(anonymous_12)
FNDA:0,(anonymous_13)
FNDA:0,(anonymous_14)
FNDA:2,useHabits
DA:26,1
DA:29,1
DA:83,1
DA:86,1
DA:87,1
DA:88,1
DA:89,0
DA:90,0
DA:92,0
DA:98,1
DA:99,1
DA:102,1
DA:103,0
DA:110,0
DA:113,1
DA:114,0
DA:117,1
DA:118,0
DA:121,1
DA:122,0
DA:124,0
DA:135,1
DA:136,0
DA:138,0
DA:139,0
DA:141,0
DA:147,0
DA:152,1
DA:169,2
DA:170,2
DA:171,0
DA:173,2
LF:32
LH:17
BRDA:88,0,0,0
BRDA:88,0,1,1
BRDA:114,1,0,0
BRDA:114,1,1,0
BRDA:124,2,0,0
BRDA:124,2,1,0
BRDA:128,3,0,0
BRDA:128,3,1,0
BRDA:138,4,0,0
BRDA:138,4,1,0
BRDA:139,5,0,0
BRDA:139,5,1,0
BRDA:170,6,0,0
BRDA:170,6,1,2
BRF:14
BRH:2
end_of_record
TN:
SF:hooks\use-toast.ts
FN:30,genId
FN:61,(anonymous_1)
FN:66,(anonymous_2)
FN:77,(anonymous_3)
FN:88,(anonymous_4)
FN:101,(anonymous_5)
FN:108,(anonymous_6)
FN:127,(anonymous_7)
FN:136,dispatch
FN:138,(anonymous_9)
FN:145,toast
FN:148,(anonymous_11)
FN:153,(anonymous_12)
FN:161,(anonymous_13)
FN:174,useToast
FN:177,(anonymous_15)
FN:179,(anonymous_16)
FN:190,(anonymous_17)
FNF:18
FNH:3
FNDA:0,genId
FNDA:0,(anonymous_1)
FNDA:0,(anonymous_2)
FNDA:0,(anonymous_3)
FNDA:0,(anonymous_4)
FNDA:0,(anonymous_5)
FNDA:0,(anonymous_6)
FNDA:0,(anonymous_7)
FNDA:0,dispatch
FNDA:0,(anonymous_9)
FNDA:0,toast
FNDA:0,(anonymous_11)
FNDA:0,(anonymous_12)
FNDA:0,(anonymous_13)
FNDA:1,useToast
FNDA:1,(anonymous_15)
FNDA:1,(anonymous_16)
FNDA:0,(anonymous_17)
DA:11,1
DA:12,1
DA:21,1
DA:28,1
DA:31,0
DA:32,0
DA:59,1
DA:61,1
DA:62,0
DA:63,0
DA:66,0
DA:67,0
DA:68,0
DA:74,0
DA:77,1
DA:78,0
DA:80,0
DA:86,0
DA:89,0
DA:94,0
DA:98,0
DA:99,0
DA:101,0
DA:102,0
DA:106,0
DA:109,0
DA:119,0
DA:120,0
DA:125,0
DA:127,0
DA:132,1
DA:134,1
DA:137,0
DA:138,0
DA:139,0
DA:146,0
DA:148,0
DA:149,0
DA:153,0
DA:155,0
DA:162,0
DA:167,0
DA:175,1
DA:177,1
DA:178,1
DA:179,1
DA:180,1
DA:181,1
DA:182,1
DA:187,1
DA:190,0
LF:51
LH:17
BRDA:62,0,0,0
BRDA:62,0,1,0
BRDA:78,1,0,0
BRDA:78,1,1,0
BRDA:78,1,2,0
BRDA:78,1,3,0
BRDA:89,2,0,0
BRDA:89,2,1,0
BRDA:98,3,0,0
BRDA:98,3,1,0
BRDA:109,4,0,0
BRDA:109,4,1,0
BRDA:109,5,0,0
BRDA:109,5,1,0
BRDA:119,6,0,0
BRDA:119,6,1,0
BRDA:162,7,0,0
BRDA:162,7,1,0
BRDA:181,8,0,1
BRDA:181,8,1,0
BRF:20
BRH:1
end_of_record
TN:
SF:lib\utils.ts
FN:4,cn
FNF:1
FNH:1
FNDA:131,cn
DA:5,131
LF:1
LH:1
BRF:0
BRH:0
end_of_record
